[debug] [2018-09-04T14:36:24.383Z] ----------------------------------------------------------------------
[debug] [2018-09-04T14:36:24.383Z] Command:       C:\Program Files\nodejs\node.exe C:\Users\Nyasha\AppData\Roaming\npm\node_modules\firebase-tools\bin\firebase serve
[debug] [2018-09-04T14:36:24.383Z] CLI Version:   4.2.1
[debug] [2018-09-04T14:36:24.383Z] Platform:      win32
[debug] [2018-09-04T14:36:24.383Z] Node Version:  v8.11.4
[debug] [2018-09-04T14:36:24.383Z] Time:          Tue Sep 04 2018 16:36:24 GMT+0200 (South Africa Standard Time)
[debug] [2018-09-04T14:36:24.383Z] ----------------------------------------------------------------------
[debug] 
[debug] [2018-09-04T14:36:24.414Z] > command requires scopes: ["email","openid","https://www.googleapis.com/auth/cloudplatformprojects.readonly","https://www.googleapis.com/auth/firebase","https://www.googleapis.com/auth/cloud-platform"]
[debug] [2018-09-04T14:36:24.414Z] > authorizing via signed-in user
[debug] [2018-09-04T14:36:24.414Z] >>> HTTP REQUEST GET https://admin.firebase.com/v1/projects/capestone-a8a58  
 
[debug] [2018-09-04T14:36:26.330Z] <<< HTTP RESPONSE 200
[debug] [2018-09-04T14:36:26.345Z] >>> HTTP REQUEST GET https://cloudresourcemanager.googleapis.com/v1/projects/capestone-a8a58  
 
[debug] [2018-09-04T14:36:28.283Z] <<< HTTP RESPONSE 200
[info] 
[info] === Serving from 'C:\Users\Nyasha\Wifi_Mapper'...
[info] 
[debug] [2018-09-04T14:36:28.298Z] >>> HTTP REQUEST GET https://mobilesdk-pa.googleapis.com/v1/projects/705085920910/clients/_:getWebAppConfig  
 
[debug] [2018-09-04T14:36:29.212Z] <<< HTTP RESPONSE 200
[info] i  hosting[capestone-a8a58]: Serving hosting files from: public
[info] +  hosting[capestone-a8a58]: Local server: http://localhost:5000
